#
# A fatal error has been detected by the Java Runtime Environment:
#
#  SIGSEGV (0xb) at pc=0x00000001104f4178, pid=3533, tid=0x0000000000004a03
#
# JRE version: Java(TM) SE Runtime Environment (8.0_122-b02) (build 1.8.0_122-ea-b02)
# Java VM: Java HotSpot(TM) 64-Bit Server VM (25.122-b02 mixed mode bsd-amd64 compressed oops)
# Problematic frame:
# V  [libjvm.dylib+0x2f4178]  jni_GetStringUTFChars+0x66
#
# Failed to write core dump. Core dumps have been disabled. To enable core dumping, try "ulimit -c unlimited" before starting Java again
#
# If you would like to submit a bug report, please visit:
#   http://bugreport.java.com/bugreport/crash.jsp
#

---------------  T H R E A D  ---------------

Current thread (0x00007febaa92a800):  JavaThread "DefaultQuartzScheduler_Worker-1" [_thread_in_vm, id=18947, stack(0x00000001293b9000,0x00000001294b9000)]

siginfo: si_signo: 11 (SIGSEGV), si_code: 1 (SEGV_MAPERR), si_addr: 0x0000000000000000

Registers:
RAX=0x0000000110a954f0, RBX=0x0000000000000000, RCX=0x00000001109d40a0, RDX=0x0000000000000000
RSP=0x00000001294b81c0, RBP=0x00000001294b8240, RSI=0x0000000000000000, RDI=0x00007febaa92a9e0
R8 =0x00000000f2c34cc9, R9 =0x00000007961a5d88, R10=0x000000000000000a, R11=0x0000000110a95710
R12=0x00007febaa92a800, R13=0x00000001257dc4f8, R14=0x0000000000000000, R15=0x00007febaa92a9e0
RIP=0x00000001104f4178, EFLAGS=0x0000000000010246, ERR=0x0000000000000004
  TRAPNO=0x000000000000000e

Top of Stack: (sp=0x00000001294b81c0)
0x00000001294b81c0:   00007febaa92a800 0000000000000000
0x00000001294b81d0:   00000001294b8218 0000000125827df0
0x00000001294b81e0:   00007febaa92a800 00007febaa92a800
0x00000001294b81f0:   0000000000000000 00000001294b8210
0x00000001294b8200:   00000001294b8260 0000000111130ffd
0x00000001294b8210:   00007feba9c4fb80 00000001257dc500
0x00000001294b8220:   0000000000000000 00000001257dc4f8
0x00000001294b8230:   00000001294b8330 00007febaa92a800
0x00000001294b8240:   00000001294b8290 000000012924b101
0x00000001294b8250:   0000000000000000 00000001294b8270
0x00000001294b8260:   00000001294b82d0 00007feba9c4fb80
0x00000001294b8270:   0000000000000000 00000001294b8330
0x00000001294b8280:   00007febaa92a9e0 00000007961a6760
0x00000001294b8290:   00000001294b8308 00000001111411cf
0x00000001294b82a0:   00000001294b82e8 0000000125826f18
0x00000001294b82b0:   0000000000000000 0000000000000000
0x00000001294b82c0:   00000007961a5d88 00000001294b82b8
0x00000001294b82d0:   0000000000000000 00000001294b8330
0x00000001294b82e0:   000000012580d818 0000000000000000
0x00000001294b82f0:   00000001257dc500 0000000000000000
0x00000001294b8300:   00000001294b8328 00000001294b8390
0x00000001294b8310:   0000000111130b10 0000000000000000
0x00000001294b8320:   000000011113a277 0000000000000000
0x00000001294b8330:   00000007961a5d88 00000007961a6760
0x00000001294b8340:   0000000000000001 00000007961a5d88
0x00000001294b8350:   00000001294b8340 00000001257d8d3d
0x00000001294b8360:   00000001294b83a8 000000012580d028
0x00000001294b8370:   0000000000000000 00000001257d8d88
0x00000001294b8380:   00000001294b8328 00000001294b83a0
0x00000001294b8390:   00000001294b83f0 0000000111130ffd
0x00000001294b83a0:   00000007961a6760 00000007961a5d88
0x00000001294b83b0:   00000001294b83b0 000000012582e3af 

Instructions: (pc=0x00000001104f4178)
0x00000001104f4158:   00 49 83 7c 24 08 00 74 09 48 8d 7d 80 e8 78 4c
0x00000001104f4168:   19 00 4c 89 ff 4c 89 f6 48 89 da 90 0f 1f 40 00
0x00000001104f4178:   4d 8b 36 4c 89 f7 e8 45 07 fc ff 48 85 c0 75 05
0x00000001104f4188:   45 31 ff eb 4f 4c 89 f7 e8 41 26 ff ff 41 89 c7 

Register to memory mapping:

RAX=0x0000000110a954f0: _ZN20SafepointSynchronize6_stateE+0 in /Library/Java/JavaVirtualMachines/jdk1.8.0_122.jdk/Contents/Home/jre/lib/server/libjvm.dylib at 0x0000000110200000
RBX=0x0000000000000000 is an unknown value
RCX=0x00000001109d40a0: UseMembar+0 in /Library/Java/JavaVirtualMachines/jdk1.8.0_122.jdk/Contents/Home/jre/lib/server/libjvm.dylib at 0x0000000110200000
RDX=0x0000000000000000 is an unknown value
RSP=0x00000001294b81c0 is pointing into the stack for thread: 0x00007febaa92a800
RBP=0x00000001294b8240 is pointing into the stack for thread: 0x00007febaa92a800
RSI=0x0000000000000000 is an unknown value
RDI=0x00007febaa92a9e0 is an unknown value
R8 =0x00000000f2c34cc9 is an unknown value
R9 =0x00000007961a5d88 is an oop
org.sqlite.core.NativeDB 
 - klass: 'org/sqlite/core/NativeDB'
R10=0x000000000000000a is an unknown value
R11=0x0000000110a95710: _ZN20SafepointSynchronize18_safepoint_counterE+0 in /Library/Java/JavaVirtualMachines/jdk1.8.0_122.jdk/Contents/Home/jre/lib/server/libjvm.dylib at 0x0000000110200000
R12=0x00007febaa92a800 is a thread
R13=0x00000001257dc4f8 is pointing into metadata
R14=0x0000000000000000 is an unknown value
R15=0x00007febaa92a9e0 is an unknown value


Stack: [0x00000001293b9000,0x00000001294b9000],  sp=0x00000001294b81c0,  free space=1020k
Native frames: (J=compiled Java code, j=interpreted, Vv=VM code, C=native code)
V  [libjvm.dylib+0x2f4178]  jni_GetStringUTFChars+0x66
C  [sqlite-3.8.11.2-fcfffa60-19dd-41bc-8ca9-784b5b4a3cbb-libsqlitejdbc.jnilib+0x2101]  Java_org_sqlite_core_NativeDB_prepare+0x41
j  org.sqlite.core.NativeDB.prepare(Ljava/lang/String;)J+0
j  org.sqlite.core.DB.prepare(Lorg/sqlite/core/CoreStatement;)V+21
j  org.sqlite.core.CorePreparedStatement.<init>(Lorg/sqlite/SQLiteConnection;Ljava/lang/String;)V+15
j  org.sqlite.jdbc3.JDBC3PreparedStatement.<init>(Lorg/sqlite/SQLiteConnection;Ljava/lang/String;)V+3
j  org.sqlite.jdbc4.JDBC4PreparedStatement.<init>(Lorg/sqlite/SQLiteConnection;Ljava/lang/String;)V+3
j  org.sqlite.jdbc4.JDBC4Connection.prepareStatement(Ljava/lang/String;III)Ljava/sql/PreparedStatement;+21
j  org.sqlite.jdbc3.JDBC3Connection.prepareStatement(Ljava/lang/String;II)Ljava/sql/PreparedStatement;+5
j  org.sqlite.jdbc3.JDBC3Connection.prepareStatement(Ljava/lang/String;)Ljava/sql/PreparedStatement;+8
j  com.nusdcbackend.DeviceCountDatabaseManager.insertZoneForecast(Ljava/lang/String;Ljava/lang/String;Ljava/lang/String;Ljava/util/Calendar;Ljava/lang/String;)V+157
j  com.nusdcbackend.JobForecast.forecastZone()V+301
j  com.nusdcbackend.ScheduledJob.execute(Lorg/quartz/JobExecutionContext;)V+53
j  org.quartz.core.JobRunShell.run()V+271
j  org.quartz.simpl.SimpleThreadPool$WorkerThread.run()V+62
v  ~StubRoutines::call_stub
V  [libjvm.dylib+0x2df4d2]  JavaCalls::call_helper(JavaValue*, methodHandle*, JavaCallArguments*, Thread*)+0x6ae
V  [libjvm.dylib+0x2dfc60]  JavaCalls::call_virtual(JavaValue*, KlassHandle, Symbol*, Symbol*, JavaCallArguments*, Thread*)+0x164
V  [libjvm.dylib+0x2dfe0c]  JavaCalls::call_virtual(JavaValue*, Handle, KlassHandle, Symbol*, Symbol*, Thread*)+0x4a
V  [libjvm.dylib+0x31d5c7]  thread_entry(JavaThread*, Thread*)+0x7c
V  [libjvm.dylib+0x539d7d]  JavaThread::thread_main_inner()+0x9b
V  [libjvm.dylib+0x53b405]  JavaThread::run()+0x183
V  [libjvm.dylib+0x45b772]  java_start(Thread*)+0xf6
C  [libsystem_pthread.dylib+0x405a]  _pthread_body+0x83
C  [libsystem_pthread.dylib+0x3fd7]  _pthread_body+0x0
C  [libsystem_pthread.dylib+0x13ed]  thread_start+0xd
C  0x0000000000000000

Java frames: (J=compiled Java code, j=interpreted, Vv=VM code)
j  org.sqlite.core.NativeDB.prepare(Ljava/lang/String;)J+0
j  org.sqlite.core.DB.prepare(Lorg/sqlite/core/CoreStatement;)V+21
j  org.sqlite.core.CorePreparedStatement.<init>(Lorg/sqlite/SQLiteConnection;Ljava/lang/String;)V+15
j  org.sqlite.jdbc3.JDBC3PreparedStatement.<init>(Lorg/sqlite/SQLiteConnection;Ljava/lang/String;)V+3
j  org.sqlite.jdbc4.JDBC4PreparedStatement.<init>(Lorg/sqlite/SQLiteConnection;Ljava/lang/String;)V+3
j  org.sqlite.jdbc4.JDBC4Connection.prepareStatement(Ljava/lang/String;III)Ljava/sql/PreparedStatement;+21
j  org.sqlite.jdbc3.JDBC3Connection.prepareStatement(Ljava/lang/String;II)Ljava/sql/PreparedStatement;+5
j  org.sqlite.jdbc3.JDBC3Connection.prepareStatement(Ljava/lang/String;)Ljava/sql/PreparedStatement;+8
j  com.nusdcbackend.DeviceCountDatabaseManager.insertZoneForecast(Ljava/lang/String;Ljava/lang/String;Ljava/lang/String;Ljava/util/Calendar;Ljava/lang/String;)V+157
j  com.nusdcbackend.JobForecast.forecastZone()V+301
j  com.nusdcbackend.ScheduledJob.execute(Lorg/quartz/JobExecutionContext;)V+53
j  org.quartz.core.JobRunShell.run()V+271
j  org.quartz.simpl.SimpleThreadPool$WorkerThread.run()V+62
v  ~StubRoutines::call_stub

---------------  P R O C E S S  ---------------

Java Threads: ( => current thread )
  0x00007febab86c800 JavaThread "DestroyJavaVM" [_thread_blocked, id=4867, stack(0x000000010f8c2000,0x000000010f9c2000)]
  0x00007febaa950800 JavaThread "DefaultQuartzScheduler_QuartzSchedulerThread" [_thread_blocked, id=24067, stack(0x0000000129dd7000,0x0000000129ed7000)]
  0x00007febaa96a000 JavaThread "DefaultQuartzScheduler_Worker-10" [_thread_blocked, id=23555, stack(0x0000000129cd4000,0x0000000129dd4000)]
  0x00007febaa93c000 JavaThread "DefaultQuartzScheduler_Worker-9" [_thread_blocked, id=23043, stack(0x0000000129bd1000,0x0000000129cd1000)]
  0x00007febaa93b000 JavaThread "DefaultQuartzScheduler_Worker-8" [_thread_blocked, id=22531, stack(0x0000000129ace000,0x0000000129bce000)]
  0x00007febab96d800 JavaThread "DefaultQuartzScheduler_Worker-7" [_thread_blocked, id=22019, stack(0x00000001299cb000,0x0000000129acb000)]
  0x00007febab96c800 JavaThread "DefaultQuartzScheduler_Worker-6" [_thread_blocked, id=21507, stack(0x00000001298c8000,0x00000001299c8000)]
  0x00007febab072000 JavaThread "DefaultQuartzScheduler_Worker-5" [_thread_blocked, id=20995, stack(0x00000001297c5000,0x00000001298c5000)]
  0x00007febab91d800 JavaThread "DefaultQuartzScheduler_Worker-4" [_thread_blocked, id=20483, stack(0x00000001296c2000,0x00000001297c2000)]
  0x00007febab91d000 JavaThread "DefaultQuartzScheduler_Worker-3" [_thread_blocked, id=19971, stack(0x00000001295bf000,0x00000001296bf000)]
  0x00007febab901000 JavaThread "DefaultQuartzScheduler_Worker-2" [_thread_blocked, id=19459, stack(0x00000001294bc000,0x00000001295bc000)]
=>0x00007febaa92a800 JavaThread "DefaultQuartzScheduler_Worker-1" [_thread_in_vm, id=18947, stack(0x00000001293b9000,0x00000001294b9000)]
  0x00007febaa849800 JavaThread "Service Thread" daemon [_thread_blocked, id=17923, stack(0x0000000128e31000,0x0000000128f31000)]
  0x00007febab018800 JavaThread "C1 CompilerThread2" daemon [_thread_blocked, id=17411, stack(0x0000000128d2e000,0x0000000128e2e000)]
  0x00007febab017800 JavaThread "C2 CompilerThread1" daemon [_thread_blocked, id=16899, stack(0x0000000128c2b000,0x0000000128d2b000)]
  0x00007febaa01d800 JavaThread "C2 CompilerThread0" daemon [_thread_blocked, id=16387, stack(0x0000000128b28000,0x0000000128c28000)]
  0x00007febaa009800 JavaThread "Signal Dispatcher" daemon [_thread_blocked, id=12307, stack(0x0000000128a25000,0x0000000128b25000)]
  0x00007febab000800 JavaThread "Finalizer" daemon [_thread_blocked, id=11523, stack(0x000000012709d000,0x000000012719d000)]
  0x00007febaa011000 JavaThread "Reference Handler" daemon [_thread_blocked, id=11011, stack(0x0000000126f9a000,0x000000012709a000)]

Other Threads:
  0x00007febab824000 VMThread [stack: 0x0000000126e97000,0x0000000126f97000] [id=10499]
  0x00007febaa046000 WatcherThread [stack: 0x0000000128f34000,0x0000000129034000] [id=18435]

VM state:not at safepoint (normal execution)

VM Mutex/Monitor currently owned by a thread: None

Heap:
 PSYoungGen      total 38400K, used 17920K [0x0000000795580000, 0x0000000798000000, 0x00000007c0000000)
  eden space 33280K, 38% used [0x0000000795580000,0x00000007962060d8,0x0000000797600000)
  from space 5120K, 99% used [0x0000000797600000,0x0000000797afa2e0,0x0000000797b00000)
  to   space 5120K, 0% used [0x0000000797b00000,0x0000000797b00000,0x0000000798000000)
 ParOldGen       total 87552K, used 1367K [0x0000000740000000, 0x0000000745580000, 0x0000000795580000)
  object space 87552K, 1% used [0x0000000740000000,0x0000000740155c48,0x0000000745580000)
 Metaspace       used 13292K, capacity 13468K, committed 13696K, reserved 1060864K
  class space    used 1498K, capacity 1578K, committed 1664K, reserved 1048576K

Card table byte_map: [0x00000001204e9000,0x00000001208ea000] byte_map_base: 0x000000011cae9000

Marking Bits: (ParMarkBitMap*) 0x0000000110a94640
 Begin Bits: [0x0000000120fa1000, 0x0000000122fa1000)
 End Bits:   [0x0000000122fa1000, 0x0000000124fa1000)

Polling page: 0x000000010f9d2000

CodeCache: size=245760Kb used=4841Kb max_used=4858Kb free=240918Kb
 bounds [0x0000000111129000, 0x00000001115f9000, 0x0000000120129000]
 total_blobs=1725 nmethods=1326 adapters=314
 compilation: enabled

Compilation events (10 events):
Event: 2.407 Thread 0x00007febab018800 nmethod 1318 0x00000001115e01d0 code [0x00000001115e0420, 0x00000001115e1538]
Event: 2.408 Thread 0x00007febab018800 1319       3       java.text.DecimalFormat::toPattern (6 bytes)
Event: 2.408 Thread 0x00007febab018800 nmethod 1319 0x00000001115e1890 code [0x00000001115e1a00, 0x00000001115e1b88]
Event: 2.408 Thread 0x00007febab018800 1321       3       java.util.GregorianCalendar::getLeastMaximum (113 bytes)
Event: 2.408 Thread 0x00007febab018800 nmethod 1321 0x00000001115e1c10 code [0x00000001115e1e00, 0x00000001115e2568]
Event: 2.413 Thread 0x00007febaa01d800 nmethod 1310 0x00000001115e59d0 code [0x00000001115e5b40, 0x00000001115e6058]
Event: 2.413 Thread 0x00007febaa01d800 1325       4       java.text.DigitList::append (59 bytes)
Event: 2.414 Thread 0x00007febaa01d800 nmethod 1325 0x00000001115c1650 code [0x00000001115c17a0, 0x00000001115c1878]
Event: 2.414 Thread 0x00007febaa01d800 1326       4       java.util.Calendar::setFieldsNormalized (65 bytes)
Event: 2.419 Thread 0x00007febaa01d800 nmethod 1326 0x00000001115e63d0 code [0x00000001115e6520, 0x00000001115e6838]

GC Heap History (2 events):
Event: 1.999 GC heap before
{Heap before GC invocations=1 (full 0):
 PSYoungGen      total 38400K, used 33280K [0x0000000795580000, 0x0000000798000000, 0x00000007c0000000)
  eden space 33280K, 100% used [0x0000000795580000,0x0000000797600000,0x0000000797600000)
  from space 5120K, 0% used [0x0000000797b00000,0x0000000797b00000,0x0000000798000000)
  to   space 5120K, 0% used [0x0000000797600000,0x0000000797600000,0x0000000797b00000)
 ParOldGen       total 87552K, used 0K [0x0000000740000000, 0x0000000745580000, 0x0000000795580000)
  object space 87552K, 0% used [0x0000000740000000,0x0000000740000000,0x0000000745580000)
 Metaspace       used 12334K, capacity 12598K, committed 12800K, reserved 1060864K
  class space    used 1403K, capacity 1481K, committed 1536K, reserved 1048576K
Event: 2.012 GC heap after
Heap after GC invocations=1 (full 0):
 PSYoungGen      total 38400K, used 5096K [0x0000000795580000, 0x0000000798000000, 0x00000007c0000000)
  eden space 33280K, 0% used [0x0000000795580000,0x0000000795580000,0x0000000797600000)
  from space 5120K, 99% used [0x0000000797600000,0x0000000797afa2e0,0x0000000797b00000)
  to   space 5120K, 0% used [0x0000000797b00000,0x0000000797b00000,0x0000000798000000)
 ParOldGen       total 87552K, used 1367K [0x0000000740000000, 0x0000000745580000, 0x0000000795580000)
  object space 87552K, 1% used [0x0000000740000000,0x0000000740155c48,0x0000000745580000)
 Metaspace       used 12334K, capacity 12598K, committed 12800K, reserved 1060864K
  class space    used 1403K, capacity 1481K, committed 1536K, reserved 1048576K
}

Deoptimization events (10 events):
Event: 1.197 Thread 0x00007febaa92a800 Uncommon trap: reason=unstable_if action=reinterpret pc=0x0000000111320a5c method=sun.misc.MetaIndex.mayContain(Ljava/lang/String;)Z @ 38
Event: 1.344 Thread 0x00007febaa92a800 Uncommon trap: reason=unstable_if action=reinterpret pc=0x0000000111367168 method=java.lang.CharacterDataLatin1.digit(II)I @ 82
Event: 1.475 Thread 0x00007febaa92a800 Uncommon trap: reason=bimorphic action=maybe_recompile pc=0x00000001113c51cc method=java.util.regex.Pattern$BmpCharProperty.match(Ljava/util/regex/Matcher;ILjava/lang/CharSequence;)Z @ 31
Event: 1.475 Thread 0x00007febaa92a800 Uncommon trap: reason=bimorphic action=maybe_recompile pc=0x00000001113c51cc method=java.util.regex.Pattern$BmpCharProperty.match(Ljava/util/regex/Matcher;ILjava/lang/CharSequence;)Z @ 31
Event: 1.475 Thread 0x00007febaa92a800 Uncommon trap: reason=bimorphic action=maybe_recompile pc=0x00000001113c51cc method=java.util.regex.Pattern$BmpCharProperty.match(Ljava/util/regex/Matcher;ILjava/lang/CharSequence;)Z @ 31
Event: 1.475 Thread 0x00007febaa92a800 Uncommon trap: reason=bimorphic action=maybe_recompile pc=0x00000001113c51cc method=java.util.regex.Pattern$BmpCharProperty.match(Ljava/util/regex/Matcher;ILjava/lang/CharSequence;)Z @ 31
Event: 1.643 Thread 0x00007febaa92a800 Uncommon trap: reason=bimorphic action=maybe_recompile pc=0x00000001113fcdc4 method=java.util.regex.Pattern$BmpCharProperty.match(Ljava/util/regex/Matcher;ILjava/lang/CharSequence;)Z @ 16
Event: 1.643 Thread 0x00007febaa92a800 Uncommon trap: reason=bimorphic action=maybe_recompile pc=0x00000001113fcdc4 method=java.util.regex.Pattern$BmpCharProperty.match(Ljava/util/regex/Matcher;ILjava/lang/CharSequence;)Z @ 16
Event: 1.721 Thread 0x00007febaa92a800 Uncommon trap: reason=unstable_if action=reinterpret pc=0x000000011136c35c method=java.lang.CharacterDataLatin1.digit(II)I @ 82
Event: 1.731 Thread 0x00007febaa92a800 Uncommon trap: reason=predicate action=maybe_recompile pc=0x0000000111470440 method=sun.net.www.ParseUtil.encodePath(Ljava/lang/String;Z)Ljava/lang/String; @ 36

Internal exceptions (10 events):
Event: 0.981 Thread 0x00007febaa809000 Exception <a 'java/lang/ArrayIndexOutOfBoundsException'> (0x0000000795c6bc38) thrown at [/Users/java_re/workspace/8-2-build-macosx-x86_64/jdk8u122/7952.nc/hotspot/src/share/vm/runtime/sharedRuntime.cpp, line 605]
Event: 0.981 Thread 0x00007febaa809000 Exception <a 'java/lang/ArrayIndexOutOfBoundsException'> (0x0000000795c6d508) thrown at [/Users/java_re/workspace/8-2-build-macosx-x86_64/jdk8u122/7952.nc/hotspot/src/share/vm/runtime/sharedRuntime.cpp, line 605]
Event: 0.981 Thread 0x00007febaa809000 Exception <a 'java/lang/ArrayIndexOutOfBoundsException'> (0x0000000795c6fcd8) thrown at [/Users/java_re/workspace/8-2-build-macosx-x86_64/jdk8u122/7952.nc/hotspot/src/share/vm/runtime/sharedRuntime.cpp, line 605]
Event: 1.045 Thread 0x00007febaa950800 Exception <a 'java/lang/ClassNotFoundException': com/nusdcbackend/ScheduledJobBeanInfo> (0x0000000795f87878) thrown at [/Users/java_re/workspace/8-2-build-macosx-x86_64/jdk8u122/7952.nc/hotspot/src/share/vm/classfile/systemDictionary.cpp, line 210]
Event: 1.046 Thread 0x00007febaa950800 Exception <a 'java/lang/ClassNotFoundException': java/lang/ObjectBeanInfo> (0x0000000795f8b318) thrown at [/Users/java_re/workspace/8-2-build-macosx-x86_64/jdk8u122/7952.nc/hotspot/src/share/vm/classfile/systemDictionary.cpp, line 210]
Event: 1.046 Thread 0x00007febaa950800 Exception <a 'java/lang/ClassNotFoundException': java/lang/ObjectCustomizer> (0x0000000795f8ed90) thrown at [/Users/java_re/workspace/8-2-build-macosx-x86_64/jdk8u122/7952.nc/hotspot/src/share/vm/classfile/systemDictionary.cpp, line 210]
Event: 1.047 Thread 0x00007febaa950800 Exception <a 'java/lang/ClassNotFoundException': com/nusdcbackend/ScheduledJobCustomizer> (0x0000000795f9b868) thrown at [/Users/java_re/workspace/8-2-build-macosx-x86_64/jdk8u122/7952.nc/hotspot/src/share/vm/classfile/systemDictionary.cpp, line 210]
Event: 1.168 Thread 0x00007febaa92a800 Exception <a 'java/lang/NoClassDefFoundError': org/apache/log4j/Priority> (0x0000000796406050) thrown at [/Users/java_re/workspace/8-2-build-macosx-x86_64/jdk8u122/7952.nc/hotspot/src/share/vm/classfile/systemDictionary.cpp, line 199]
Event: 1.319 Thread 0x00007febaa92a800 Exception <a 'java/lang/NoSuchFieldError': method resolution failed> (0x0000000796606010) thrown at [/Users/java_re/workspace/8-2-build-macosx-x86_64/jdk8u122/7952.nc/hotspot/src/share/vm/prims/methodHandles.cpp, line 1146]
Event: 1.321 Thread 0x00007febaa92a800 Exception <a 'java/lang/NoSuchFieldError': method resolution failed> (0x00000007966136d0) thrown at [/Users/java_re/workspace/8-2-build-macosx-x86_64/jdk8u122/7952.nc/hotspot/src/share/vm/prims/methodHandles.cpp, line 1146]

Events (10 events):
Event: 2.322 loading class org/apache/commons/math3/exception/NotANumberException
Event: 2.322 loading class org/apache/commons/math3/exception/NotANumberException done
Event: 2.322 loading class org/apache/commons/math3/random/RandomGenerator
Event: 2.322 loading class org/apache/commons/math3/random/RandomGenerator done
Event: 2.323 loading class org/apache/commons/math3/util/FastMath
Event: 2.323 loading class org/apache/commons/math3/util/FastMath done
Event: 2.326 loading class java/lang/StrictMath
Event: 2.326 loading class java/lang/StrictMath done
Event: 2.360 loading class com/nusdcbackend/ForecastData
Event: 2.360 loading class com/nusdcbackend/ForecastData done


Dynamic libraries:
0x000000000861e000 	/System/Library/Frameworks/Cocoa.framework/Versions/A/Cocoa
0x000000000861e000 	/System/Library/Frameworks/Security.framework/Versions/A/Security
0x000000000861e000 	/System/Library/Frameworks/ApplicationServices.framework/Versions/A/ApplicationServices
0x000000000861e000 	/usr/lib/libz.1.dylib
0x000000000861e000 	/usr/lib/libSystem.B.dylib
0x000000000861e000 	/usr/lib/libobjc.A.dylib
0x000000000861e000 	/System/Library/Frameworks/CoreFoundation.framework/Versions/A/CoreFoundation
0x000000000861e000 	/System/Library/Frameworks/Foundation.framework/Versions/C/Foundation
0x000000000861e000 	/System/Library/Frameworks/AppKit.framework/Versions/C/AppKit
0x000000000861e000 	/System/Library/Frameworks/CoreData.framework/Versions/A/CoreData
0x000000000861e000 	/System/Library/PrivateFrameworks/RemoteViewServices.framework/Versions/A/RemoteViewServices
0x000000000861e000 	/System/Library/PrivateFrameworks/UIFoundation.framework/Versions/A/UIFoundation
0x000000000861e000 	/System/Library/Frameworks/IOSurface.framework/Versions/A/IOSurface
0x000000000861e000 	/System/Library/Frameworks/AudioToolbox.framework/Versions/A/AudioToolbox
0x000000000861e000 	/System/Library/Frameworks/AudioUnit.framework/Versions/A/AudioUnit
0x000000000861e000 	/System/Library/PrivateFrameworks/DataDetectorsCore.framework/Versions/A/DataDetectorsCore
0x000000000861e000 	/System/Library/PrivateFrameworks/DesktopServicesPriv.framework/Versions/A/DesktopServicesPriv
0x000000000861e000 	/System/Library/Frameworks/Carbon.framework/Versions/A/Frameworks/HIToolbox.framework/Versions/A/HIToolbox
0x000000000861e000 	/System/Library/Frameworks/QuartzCore.framework/Versions/A/QuartzCore
0x000000000861e000 	/System/Library/Frameworks/Carbon.framework/Versions/A/Frameworks/SpeechRecognition.framework/Versions/A/SpeechRecognition
0x000000000861e000 	/usr/lib/libauto.dylib
0x000000000861e000 	/usr/lib/libicucore.A.dylib
0x000000000861e000 	/usr/lib/libxml2.2.dylib
0x000000000861e000 	/System/Library/PrivateFrameworks/CoreUI.framework/Versions/A/CoreUI
0x000000000861e000 	/System/Library/Frameworks/CoreAudio.framework/Versions/A/CoreAudio
0x000000000861e000 	/System/Library/Frameworks/DiskArbitration.framework/Versions/A/DiskArbitration
0x000000000861e000 	/usr/lib/liblangid.dylib
0x000000000861e000 	/System/Library/PrivateFrameworks/MultitouchSupport.framework/Versions/A/MultitouchSupport
0x000000000861e000 	/System/Library/Frameworks/IOKit.framework/Versions/A/IOKit
0x000000000861e000 	/usr/lib/libDiagnosticMessagesClient.dylib
0x000000000861e000 	/System/Library/Frameworks/CoreServices.framework/Versions/A/CoreServices
0x000000000861e000 	/System/Library/PrivateFrameworks/PerformanceAnalysis.framework/Versions/A/PerformanceAnalysis
0x000000000861e000 	/System/Library/PrivateFrameworks/GenerationalStorage.framework/Versions/A/GenerationalStorage
0x000000000861e000 	/System/Library/Frameworks/OpenGL.framework/Versions/A/OpenGL
0x000000000861e000 	/System/Library/PrivateFrameworks/Sharing.framework/Versions/A/Sharing
0x000000000861e000 	/System/Library/Frameworks/CoreGraphics.framework/Versions/A/CoreGraphics
0x000000000861e000 	/System/Library/Frameworks/CoreText.framework/Versions/A/CoreText
0x000000000861e000 	/System/Library/Frameworks/ImageIO.framework/Versions/A/ImageIO
0x000000000861e000 	/usr/lib/libextension.dylib
0x000000000861e000 	/System/Library/PrivateFrameworks/Backup.framework/Versions/A/Backup
0x000000000861e000 	/usr/lib/libarchive.2.dylib
0x000000000861e000 	/System/Library/Frameworks/CFNetwork.framework/Versions/A/CFNetwork
0x000000000861e000 	/System/Library/Frameworks/SystemConfiguration.framework/Versions/A/SystemConfiguration
0x000000000861e000 	/usr/lib/libCRFSuite.dylib
0x000000000861e000 	/usr/lib/libc++.1.dylib
0x000000000861e000 	/usr/lib/libc++abi.dylib
0x000000000861e000 	/usr/lib/system/libcache.dylib
0x000000000861e000 	/usr/lib/system/libcommonCrypto.dylib
0x000000000861e000 	/usr/lib/system/libcompiler_rt.dylib
0x000000000861e000 	/usr/lib/system/libcopyfile.dylib
0x000000000861e000 	/usr/lib/system/libcorecrypto.dylib
0x000000000861e000 	/usr/lib/system/libdispatch.dylib
0x000000000861e000 	/usr/lib/system/libdyld.dylib
0x000000000861e000 	/usr/lib/system/libkeymgr.dylib
0x000000000861e000 	/usr/lib/system/liblaunch.dylib
0x000000000861e000 	/usr/lib/system/libmacho.dylib
0x000000000861e000 	/usr/lib/system/libquarantine.dylib
0x000000000861e000 	/usr/lib/system/libremovefile.dylib
0x000000000861e000 	/usr/lib/system/libsystem_asl.dylib
0x000000000861e000 	/usr/lib/system/libsystem_blocks.dylib
0x000000000861e000 	/usr/lib/system/libsystem_c.dylib
0x000000000861e000 	/usr/lib/system/libsystem_configuration.dylib
0x000000000861e000 	/usr/lib/system/libsystem_coreservices.dylib
0x000000000861e000 	/usr/lib/system/libsystem_coretls.dylib
0x000000000861e000 	/usr/lib/system/libsystem_dnssd.dylib
0x000000000861e000 	/usr/lib/system/libsystem_info.dylib
0x000000000861e000 	/usr/lib/system/libsystem_kernel.dylib
0x000000000861e000 	/usr/lib/system/libsystem_m.dylib
0x000000000861e000 	/usr/lib/system/libsystem_malloc.dylib
0x000000000861e000 	/usr/lib/system/libsystem_network.dylib
0x000000000861e000 	/usr/lib/system/libsystem_networkextension.dylib
0x000000000861e000 	/usr/lib/system/libsystem_notify.dylib
0x000000000861e000 	/usr/lib/system/libsystem_platform.dylib
0x000000000861e000 	/usr/lib/system/libsystem_pthread.dylib
0x000000000861e000 	/usr/lib/system/libsystem_sandbox.dylib
0x000000000861e000 	/usr/lib/system/libsystem_secinit.dylib
0x000000000861e000 	/usr/lib/system/libsystem_stats.dylib
0x000000000861e000 	/usr/lib/system/libsystem_trace.dylib
0x000000000861e000 	/usr/lib/system/libunc.dylib
0x000000000861e000 	/usr/lib/system/libunwind.dylib
0x000000000861e000 	/usr/lib/system/libxpc.dylib
0x000000000861e000 	/usr/lib/libbz2.1.0.dylib
0x000000000861e000 	/usr/lib/liblzma.5.dylib
0x000000000861e000 	/usr/lib/libbsm.0.dylib
0x000000000861e000 	/usr/lib/libsqlite3.dylib
0x000000000861e000 	/usr/lib/system/libkxld.dylib
0x000000000861e000 	/usr/lib/libxar.1.dylib
0x000000000861e000 	/usr/lib/libpam.2.dylib
0x000000000861e000 	/usr/lib/libOpenScriptingUtil.dylib
0x000000000861e000 	/System/Library/Frameworks/CoreServices.framework/Versions/A/Frameworks/FSEvents.framework/Versions/A/FSEvents
0x000000000861e000 	/System/Library/Frameworks/CoreServices.framework/Versions/A/Frameworks/CarbonCore.framework/Versions/A/CarbonCore
0x000000000861e000 	/System/Library/Frameworks/CoreServices.framework/Versions/A/Frameworks/Metadata.framework/Versions/A/Metadata
0x000000000861e000 	/System/Library/Frameworks/CoreServices.framework/Versions/A/Frameworks/OSServices.framework/Versions/A/OSServices
0x000000000861e000 	/System/Library/Frameworks/CoreServices.framework/Versions/A/Frameworks/SearchKit.framework/Versions/A/SearchKit
0x000000000861e000 	/System/Library/Frameworks/CoreServices.framework/Versions/A/Frameworks/AE.framework/Versions/A/AE
0x000000000861e000 	/System/Library/Frameworks/CoreServices.framework/Versions/A/Frameworks/LaunchServices.framework/Versions/A/LaunchServices
0x000000000861e000 	/System/Library/Frameworks/CoreServices.framework/Versions/A/Frameworks/DictionaryServices.framework/Versions/A/DictionaryServices
0x000000000861e000 	/System/Library/Frameworks/NetFS.framework/Versions/A/NetFS
0x000000000861e000 	/System/Library/PrivateFrameworks/NetAuth.framework/Versions/A/NetAuth
0x000000000861e000 	/System/Library/PrivateFrameworks/login.framework/Versions/A/Frameworks/loginsupport.framework/Versions/A/loginsupport
0x000000000861e000 	/System/Library/PrivateFrameworks/TCC.framework/Versions/A/TCC
0x000000000861e000 	/usr/lib/libmecabra.dylib
0x000000000861e000 	/System/Library/Frameworks/ApplicationServices.framework/Versions/A/Frameworks/ATS.framework/Versions/A/ATS
0x000000000861e000 	/System/Library/Frameworks/ApplicationServices.framework/Versions/A/Frameworks/ColorSync.framework/Versions/A/ColorSync
0x000000000861e000 	/System/Library/Frameworks/ApplicationServices.framework/Versions/A/Frameworks/HIServices.framework/Versions/A/HIServices
0x000000000861e000 	/System/Library/Frameworks/ApplicationServices.framework/Versions/A/Frameworks/LangAnalysis.framework/Versions/A/LangAnalysis
0x000000000861e000 	/System/Library/Frameworks/ApplicationServices.framework/Versions/A/Frameworks/PrintCore.framework/Versions/A/PrintCore
0x000000000861e000 	/System/Library/Frameworks/ApplicationServices.framework/Versions/A/Frameworks/QD.framework/Versions/A/QD
0x000000000861e000 	/System/Library/Frameworks/ApplicationServices.framework/Versions/A/Frameworks/SpeechSynthesis.framework/Versions/A/SpeechSynthesis
0x000000000861e000 	/System/Library/Frameworks/Accelerate.framework/Versions/A/Accelerate
0x000000000861e000 	/System/Library/Frameworks/Accelerate.framework/Versions/A/Frameworks/vImage.framework/Versions/A/vImage
0x000000000861e000 	/System/Library/Frameworks/Accelerate.framework/Versions/A/Frameworks/vecLib.framework/Versions/A/vecLib
0x000000000861e000 	/System/Library/Frameworks/Accelerate.framework/Versions/A/Frameworks/vecLib.framework/Versions/A/libvDSP.dylib
0x000000000861e000 	/System/Library/Frameworks/Accelerate.framework/Versions/A/Frameworks/vecLib.framework/Versions/A/libvMisc.dylib
0x000000000861e000 	/System/Library/Frameworks/Accelerate.framework/Versions/A/Frameworks/vecLib.framework/Versions/A/libLAPACK.dylib
0x000000000861e000 	/System/Library/Frameworks/Accelerate.framework/Versions/A/Frameworks/vecLib.framework/Versions/A/libBLAS.dylib
0x000000000861e000 	/System/Library/Frameworks/Accelerate.framework/Versions/A/Frameworks/vecLib.framework/Versions/A/libLinearAlgebra.dylib
0x000000000861e000 	/System/Library/Frameworks/ApplicationServices.framework/Versions/A/Frameworks/ATS.framework/Versions/A/Resources/libFontParser.dylib
0x000000000861e000 	/System/Library/Frameworks/ApplicationServices.framework/Versions/A/Frameworks/ATS.framework/Versions/A/Resources/libFontRegistry.dylib
0x000000000861e000 	/System/Library/PrivateFrameworks/AppleVPA.framework/Versions/A/AppleVPA
0x000000000861e000 	/System/Library/PrivateFrameworks/AppleJPEG.framework/Versions/A/AppleJPEG
0x000000000861e000 	/System/Library/Frameworks/ImageIO.framework/Versions/A/Resources/libJPEG.dylib
0x000000000861e000 	/System/Library/Frameworks/ImageIO.framework/Versions/A/Resources/libTIFF.dylib
0x000000000861e000 	/System/Library/Frameworks/ImageIO.framework/Versions/A/Resources/libPng.dylib
0x000000000861e000 	/System/Library/Frameworks/ImageIO.framework/Versions/A/Resources/libGIF.dylib
0x000000000861e000 	/System/Library/Frameworks/ImageIO.framework/Versions/A/Resources/libJP2.dylib
0x000000000861e000 	/System/Library/Frameworks/ImageIO.framework/Versions/A/Resources/libRadiance.dylib
0x000000000861e000 	/System/Library/Frameworks/CoreVideo.framework/Versions/A/CoreVideo
0x000000000861e000 	/System/Library/Frameworks/OpenGL.framework/Versions/A/Libraries/libGLU.dylib
0x000000000861e000 	/System/Library/Frameworks/OpenGL.framework/Versions/A/Libraries/libGFXShared.dylib
0x000000000861e000 	/System/Library/Frameworks/OpenGL.framework/Versions/A/Libraries/libGL.dylib
0x000000000861e000 	/System/Library/Frameworks/OpenGL.framework/Versions/A/Libraries/libGLImage.dylib
0x000000000861e000 	/System/Library/Frameworks/OpenGL.framework/Versions/A/Libraries/libCVMSPluginSupport.dylib
0x000000000861e000 	/System/Library/Frameworks/OpenGL.framework/Versions/A/Libraries/libCoreVMClient.dylib
0x000000000861e000 	/usr/lib/libcups.2.dylib
0x000000000861e000 	/System/Library/Frameworks/Kerberos.framework/Versions/A/Kerberos
0x000000000861e000 	/System/Library/Frameworks/GSS.framework/Versions/A/GSS
0x000000000861e000 	/usr/lib/libresolv.9.dylib
0x000000000861e000 	/usr/lib/libiconv.2.dylib
0x000000000861e000 	/System/Library/PrivateFrameworks/Heimdal.framework/Versions/A/Heimdal
0x000000000861e000 	/usr/lib/libheimdal-asn1.dylib
0x000000000861e000 	/System/Library/Frameworks/OpenDirectory.framework/Versions/A/OpenDirectory
0x000000000861e000 	/System/Library/PrivateFrameworks/CommonAuth.framework/Versions/A/CommonAuth
0x000000000861e000 	/System/Library/Frameworks/OpenDirectory.framework/Versions/A/Frameworks/CFOpenDirectory.framework/Versions/A/CFOpenDirectory
0x000000000861e000 	/System/Library/Frameworks/SecurityFoundation.framework/Versions/A/SecurityFoundation
0x000000000861e000 	/System/Library/PrivateFrameworks/LanguageModeling.framework/Versions/A/LanguageModeling
0x000000000861e000 	/usr/lib/libcmph.dylib
0x000000000861e000 	/System/Library/Frameworks/ServiceManagement.framework/Versions/A/ServiceManagement
0x000000000861e000 	/usr/lib/libxslt.1.dylib
0x000000000861e000 	/System/Library/Frameworks/Carbon.framework/Versions/A/Frameworks/Ink.framework/Versions/A/Ink
0x000000000861e000 	/System/Library/Frameworks/QuartzCore.framework/Versions/A/Frameworks/CoreImage.framework/Versions/A/CoreImage
0x000000000861e000 	/System/Library/PrivateFrameworks/CrashReporterSupport.framework/Versions/A/CrashReporterSupport
0x000000000861e000 	/System/Library/Frameworks/OpenCL.framework/Versions/A/OpenCL
0x000000000861e000 	/System/Library/PrivateFrameworks/FaceCore.framework/Versions/A/FaceCore
0x000000000861e000 	/System/Library/PrivateFrameworks/Ubiquity.framework/Versions/A/Ubiquity
0x000000000861e000 	/System/Library/PrivateFrameworks/IconServices.framework/Versions/A/IconServices
0x000000000861e000 	/System/Library/PrivateFrameworks/ChunkingLibrary.framework/Versions/A/ChunkingLibrary
0x000000000861e000 	/System/Library/PrivateFrameworks/Apple80211.framework/Versions/A/Apple80211
0x000000000861e000 	/System/Library/Frameworks/CoreWLAN.framework/Versions/A/CoreWLAN
0x000000000861e000 	/System/Library/Frameworks/IOBluetooth.framework/Versions/A/IOBluetooth
0x000000000861e000 	/System/Library/PrivateFrameworks/CoreWiFi.framework/Versions/A/CoreWiFi
0x000000000861e000 	/System/Library/Frameworks/CoreBluetooth.framework/Versions/A/CoreBluetooth
0x000000000861e000 	/System/Library/PrivateFrameworks/DebugSymbols.framework/Versions/A/DebugSymbols
0x000000000861e000 	/System/Library/PrivateFrameworks/CoreSymbolication.framework/Versions/A/CoreSymbolication
0x000000000861e000 	/System/Library/PrivateFrameworks/Symbolication.framework/Versions/A/Symbolication
0x000000000861e000 	/System/Library/PrivateFrameworks/SpeechRecognitionCore.framework/Versions/A/SpeechRecognitionCore
0x0000000110200000 	/Library/Java/JavaVirtualMachines/jdk1.8.0_122.jdk/Contents/Home/jre/lib/server/libjvm.dylib
0x000000000861e000 	/usr/lib/libstdc++.6.dylib
0x000000010f9c4000 	/Library/Java/JavaVirtualMachines/jdk1.8.0_122.jdk/Contents/Home/jre/lib/libverify.dylib
0x00000001110f4000 	/Library/Java/JavaVirtualMachines/jdk1.8.0_122.jdk/Contents/Home/jre/lib/libjava.dylib
0x000000010f9dc000 	/Library/Java/JavaVirtualMachines/jdk1.8.0_122.jdk/Contents/Home/jre/lib/libzip.dylib
0x000000010f9e6000 	/System/Library/Frameworks/JavaVM.framework/Frameworks/JavaRuntimeSupport.framework/JavaRuntimeSupport
0x000000012719f000 	/System/Library/Frameworks/JavaVM.framework/Versions/A/Frameworks/JavaNativeFoundation.framework/Versions/A/JavaNativeFoundation
0x00000001271b4000 	/System/Library/Frameworks/JavaVM.framework/Versions/A/JavaVM
0x000000000861e000 	/System/Library/Frameworks/Carbon.framework/Versions/A/Carbon
0x00000001271c1000 	/System/Library/PrivateFrameworks/JavaLaunching.framework/Versions/A/JavaLaunching
0x000000000861e000 	/System/Library/Frameworks/Carbon.framework/Versions/A/Frameworks/CommonPanels.framework/Versions/A/CommonPanels
0x000000000861e000 	/System/Library/Frameworks/Carbon.framework/Versions/A/Frameworks/Help.framework/Versions/A/Help
0x000000000861e000 	/System/Library/Frameworks/Carbon.framework/Versions/A/Frameworks/ImageCapture.framework/Versions/A/ImageCapture
0x000000000861e000 	/System/Library/Frameworks/Carbon.framework/Versions/A/Frameworks/OpenScripting.framework/Versions/A/OpenScripting
0x000000000861e000 	/System/Library/Frameworks/Carbon.framework/Versions/A/Frameworks/Print.framework/Versions/A/Print
0x000000000861e000 	/System/Library/Frameworks/Carbon.framework/Versions/A/Frameworks/SecurityHI.framework/Versions/A/SecurityHI
0x0000000129249000 	/private/var/folders/_8/f7mj1r2d2xsbx3qslrsbj2cc0000gn/T/sqlite-3.8.11.2-fcfffa60-19dd-41bc-8ca9-784b5b4a3cbb-libsqlitejdbc.jnilib
0x0000000129fa0000 	/Library/Java/JavaVirtualMachines/jdk1.8.0_122.jdk/Contents/Home/jre/lib/libsunec.dylib
0x000000012a1c9000 	/Library/Java/JavaVirtualMachines/jdk1.8.0_122.jdk/Contents/Home/jre/lib/libnet.dylib
0x000000012a1e0000 	/Library/Java/JavaVirtualMachines/jdk1.8.0_122.jdk/Contents/Home/jre/lib/libnio.dylib

VM Arguments:
jvm_args: -Dfile.encoding=UTF-8 
java_command: com.nusdcbackend.ProjectMain
java_class_path (initial): /Users/Bisma/DeviceCount/DeviceCount_Backend/NUS_DC/bin:/Users/Bisma/.gradle/caches/modules-2/files-2.1/org.slf4j/slf4j-api/1.7.21/139535a69a4239db087de9bab0bee568bf8e0b70/slf4j-api-1.7.21.jar:/Users/Bisma/.gradle/caches/modules-2/files-2.1/junit/junit/4.12/2973d150c0dc1fefe998f834810d68f278ea58ec/junit-4.12.jar:/Users/Bisma/.gradle/caches/modules-2/files-2.1/org.hamcrest/hamcrest-core/1.3/42a25dc3219429f0e5d060061f71acb49bf010a0/hamcrest-core-1.3.jar:/Users/Bisma/DeviceCount/DeviceCount_Backend/NUS_DC/external_library/slf4j-1.7.22/slf4j-api-1.7.22.jar:/Users/Bisma/DeviceCount/DeviceCount_Backend/NUS_DC/external_library/slf4j-1.7.22/slf4j-simple-1.7.22.jar:/Users/Bisma/DeviceCount/DeviceCount_Backend/NUS_DC/external_library/quartz-2.2.3/lib/quartz-2.2.3.jar:/Users/Bisma/DeviceCount/DeviceCount_Backend/NUS_DC/external_library/sqlite-jdbc-3.8.11.2.jar:/Users/Bisma/DeviceCount/DeviceCount_Backend/NUS_DC/external_library/xmlbeans-2.3.0.jar:/Users/Bisma/DeviceCount/DeviceCount_Backend/NUS_DC/external_library/gson-2.2.4.jar:/Users/Bisma/DeviceCount/DeviceCount_Backend/NUS_DC/external_library/httpclient-4.4-alpha1.jar:/Users/Bisma/DeviceCount/DeviceCount_Backend/NUS_DC/external_library/jsoup-1.10.2.jar:/Users/Bisma/DeviceCount/DeviceCount_Backend/NUS_DC/external_library/httpcore-4.4-alpha1.jar:/Users/Bisma/DeviceCount/DeviceCount_Backend/NUS_DC/external_library/junit-4.12.jar:/Users/Bisma/DeviceCount/DeviceCount_Backend/NUS_DC/external_library/commons-collections4-4.1.jar:/Users/Bisma/DeviceCount/DeviceCount_Backend/NUS_DC/external_library/commons-logging-1.2.jar:/Users/Bisma/DeviceCount/DeviceCount_Backend/NUS_DC/external_library/weka-3-7-5/weka-src.jar:/Users/Bisma/DeviceCount/DeviceCount_Backend/NUS_DC/external_library/weka-3-7-5/weka.jar:/Users/Bisma/DeviceCount/DeviceCount_Backend/NUS_DC/external_library/OpenForecast-0.5.0.jar:/Users/Bisma/DeviceCount/DeviceCount_Backend/NUS_DC/external_library/jfreechart-1.0.6.jar:/Users/Bisma/DeviceCount
Launcher Type: SUN_STANDARD

Environment Variables:
PATH=/usr/bin:/bin:/usr/sbin:/sbin
SHELL=/bin/bash

Signal Handlers:
SIGSEGV: [libjvm.dylib+0x57f4a1], sa_mask[0]=11111111011111110111111111111111, sa_flags=SA_ONSTACK|SA_RESTART|SA_SIGINFO
SIGBUS: [libjvm.dylib+0x57f4a1], sa_mask[0]=11111111011111110111111111111111, sa_flags=SA_RESTART|SA_SIGINFO
SIGFPE: [libjvm.dylib+0x458d84], sa_mask[0]=11111111011111110111111111111111, sa_flags=SA_RESTART|SA_SIGINFO
SIGPIPE: [libjvm.dylib+0x458d84], sa_mask[0]=11111111011111110111111111111111, sa_flags=SA_RESTART|SA_SIGINFO
SIGXFSZ: [libjvm.dylib+0x458d84], sa_mask[0]=11111111011111110111111111111111, sa_flags=SA_RESTART|SA_SIGINFO
SIGILL: [libjvm.dylib+0x458d84], sa_mask[0]=11111111011111110111111111111111, sa_flags=SA_RESTART|SA_SIGINFO
SIGUSR1: SIG_DFL, sa_mask[0]=00000000000000000000000000000000, sa_flags=none
SIGUSR2: [libjvm.dylib+0x4588a2], sa_mask[0]=00100000000000000000000000000000, sa_flags=SA_RESTART|SA_SIGINFO
SIGHUP: [libjvm.dylib+0x456e79], sa_mask[0]=11111111011111110111111111111111, sa_flags=SA_RESTART|SA_SIGINFO
SIGINT: [libjvm.dylib+0x456e79], sa_mask[0]=11111111011111110111111111111111, sa_flags=SA_RESTART|SA_SIGINFO
SIGTERM: [libjvm.dylib+0x456e79], sa_mask[0]=11111111011111110111111111111111, sa_flags=SA_RESTART|SA_SIGINFO
SIGQUIT: [libjvm.dylib+0x456e79], sa_mask[0]=11111111011111110111111111111111, sa_flags=SA_RESTART|SA_SIGINFO


---------------  S Y S T E M  ---------------

OS:Bsduname:Darwin 14.5.0 Darwin Kernel Version 14.5.0: Mon Aug 29 21:14:16 PDT 2016; root:xnu-2782.50.6~1/RELEASE_X86_64 x86_64
rlimit: STACK 8192k, CORE 0k, NPROC 709, NOFILE 10240, AS infinity
load average:2.42 2.43 2.30

CPU:total 4 (2 cores per cpu, 2 threads per core) family 6 model 58 stepping 9, cmov, cx8, fxsr, mmx, sse, sse2, sse3, ssse3, sse4.1, sse4.2, popcnt, avx, aes, clmul, erms, ht, tsc, tscinvbit, tscinv

Memory: 4k page, physical 8388608k(40340k free)

/proc/meminfo:


vm_info: Java HotSpot(TM) 64-Bit Server VM (25.122-b02) for bsd-amd64 JRE (1.8.0_122-ea-b02), built on Oct  3 2016 16:09:53 by "java_re" with gcc 4.2.1 (Based on Apple Inc. build 5658) (LLVM build 2336.11.00)

time: Mon Mar  6 22:31:58 2017
elapsed time: 2 seconds (0d 0h 0m 2s)

